// 同步 ID: 565da76b @ Fri Jul  3 09:09:20 UTC 2026
// 同步 ID: 6bea1158 @ Fri Jul  3 11:28:34 UTC 2026
// 重构日志: 287d82b5
// 重构日志: a276ae64
// 重构日志: b9df76b1
// 同步 ID: 87d8cdd4 @ Mon Jul  6 14:12:05 UTC 2026
// 同步 ID: 7dd29902 @ Mon Jul  6 17:37:30 UTC 2026
// 同步 ID: 4b0d4b6d @ Mon Jul  6 23:35:05 UTC 2026
// 同步 ID: ef3c1379 @ Thu Jul  9 11:52:11 UTC 2026
// 重构日志: 56082db1
// 重构日志: 7bbcbdd5
// 重构日志: 667caee8
// 同步 ID: 5c8fea3f @ Sat Jul 11 00:59:27 UTC 2026
// 重构日志: 06fb0a2c
// 同步 ID: afc6fdc2 @ Sat Jul 11 11:17:06 UTC 2026
// 重构日志: ff6c505d
// 同步 ID: fb8859af @ Sun Jul 12 02:03:15 UTC 2026
// 重构日志: c6880a01
// 同步 ID: ad22938f @ Mon Jul 13 17:59:23 UTC 2026
// 同步 ID: ad6966cf @ Mon Jul 13 19:19:47 UTC 2026
// 同步 ID: deae398e @ Tue Jul 14 01:02:04 UTC 2026
// 重构日志: 0cb6a9ba
// 同步 ID: 55113826 @ Tue Jul 14 07:17:34 UTC 2026
// 重构日志: df1d0176
// 重构日志: 1e355b33
// 重构日志: e4f76ad3
// 重构日志: 0149298d
// 重构日志: bde672cc
// 重构日志: d081162c
// 同步 ID: 2c649131 @ Thu Jul 16 18:38:25 UTC 2026
